                SWAT2016               
               Rev. 664               
      Soil & Water Assessment Tool    
               PC Version             
 Program reading from file.cio . . . executing

  Executing year    1
  Executing year    2
  Executing year    3
  Executing year    4
  Executing year    5
  Executing year    6
  Executing year    7

 Execution successfully completed 
                SWAT2016               
               Rev. 664               
      Soil & Water Assessment Tool    
               PC Version             
 Program reading from file.cio . . . executing

  Executing year    1
  Executing year    2
  Executing year    3
  Executing year    4
  Executing year    5
  Executing year    6
  Executing year    7

 Execution successfully completed 
